Starting file copy into installshield folders....
Copying file(s) into ROOTDIR_Emma2\em.... 
Copying areftab.exe 
        1 file(s) copied.
Copying camppl1.xls 
        1 file(s) copied.
Copying eapaddon.exe 
        1 file(s) copied.
Copying eapentry.exe 
        1 file(s) copied.
Copying eappenq.exe 
        1 file(s) copied.
Copying eautorej.exe 
        1 file(s) copied.
Copying ebank.exe 
        1 file(s) copied.
Copying ebenefit.exe 
        1 file(s) copied.
Copying e2billing.dll 
        1 file(s) copied.
Copying ebilfreq.exe 
        1 file(s) copied.
Copying ebillarc.exe 
        1 file(s) copied.
Copying ebillorg.exe 
        1 file(s) copied.
Copying ebillsum.exe 
        1 file(s) copied.
Copying ebiltrns.exe 
        1 file(s) copied.
Copying ebnkbrch.exe 
        1 file(s) copied.
Copying ebtchstr.exe 
        1 file(s) copied.
Copying ebulkclsbill.exe 
        1 file(s) copied.
Copying ebulkpl.exe 
        1 file(s) copied.
Copying ecampain.exe 
        1 file(s) copied.
Copying ecampcrv.exe 
        1 file(s) copied.
Copying ecashpay.exe 
        1 file(s) copied.
Copying echqrejt.exe 
        1 file(s) copied.
Copying ecmpstat.exe 
        1 file(s) copied.
Copying ecountry.exe 
        1 file(s) copied.
Copying ecredexp.exe 
        1 file(s) copied.
Copying ecredit.exe 
        1 file(s) copied.
Copying ectryter.exe 
        1 file(s) copied.
Copying ecurrncy.exe 
        1 file(s) copied.
Copying ecurve.exe 
        1 file(s) copied.
Copying eendorse.exe 
        1 file(s) copied.
Copying eexclusn.exe 
        1 file(s) copied.
Copying efutendt.exe 
        1 file(s) copied.
Copying einvoice.exe 
        1 file(s) copied.
Copying eissueco.exe 
        1 file(s) copied.
Copying elang.exe 
        1 file(s) copied.
Copying eletters.exe 
        1 file(s) copied.
Copying emma2.exe 
        1 file(s) copied.
Copying EMMAcash.DAT 
        1 file(s) copied.
Copying EMMACASH.dot 
        1 file(s) copied.
Copying Emmastnd.dat 
        1 file(s) copied.
Copying EMMASTND.dot 
        1 file(s) copied.
Copying eplan.exe 
        1 file(s) copied.
Copying eplancat.exe 
        1 file(s) copied.
Copying epolhold.exe 
        1 file(s) copied.
Copying eprducer.exe 
        1 file(s) copied.
Copying eprintq.exe 
        1 file(s) copied.
Copying eproduct.exe 
        1 file(s) copied.
Copying eprojmke.exe 
        1 file(s) copied.
Copying equote.exe 
        1 file(s) copied.
Copying erate.exe 
        1 file(s) copied.
Copying ereceipt.exe 
        1 file(s) copied.
Copying ereject.exe 
        1 file(s) copied.
Copying eristrcd.exe 
        1 file(s) copied.
Copying esponsor.exe 
        1 file(s) copied.
Copying estock.exe 
        1 file(s) copied.
Copying esuplier.exe 
        1 file(s) copied.
Copying ethird.exe 
        1 file(s) copied.
Copying etpaagen.exe 
        1 file(s) copied.
Copying eunlock.exe 
        1 file(s) copied.
Copying Newbulk.xls 
        1 file(s) copied.
Copying readtbxn.mdb 
        1 file(s) copied.
Copying file(s) into ROOTDIR_Batch\em.... 
Copying ebillcls.exe 
        1 file(s) copied.
Copying ebilexps.exe 
        1 file(s) copied.
Copying ebilproc.exe 
        1 file(s) copied.
Copying ebiltape.exe 
        1 file(s) copied.
Copying ecamphst.exe 
        1 file(s) copied.
Copying ecampsum.exe 
        1 file(s) copied.
Copying ecmpend.exe 
        1 file(s) copied.
Copying ecrtfile.exe 
        1 file(s) copied.
Copying ecrtsum.exe 
        1 file(s) copied.
Copying ecrtwrk.exe 
        1 file(s) copied.
Copying eindxn.exe 
        1 file(s) copied.
Copying EMUCRTSUM.prm 
        1 file(s) copied.
Copying eprtbtch.exe 
        1 file(s) copied.
Copying erenewal.exe 
        1 file(s) copied.
Copying ervblcls.exe 
        1 file(s) copied.
Copying ervsum.exe 
        1 file(s) copied.
Copying ervupbl.exe 
        1 file(s) copied.
Copying ervupcmp.exe 
        1 file(s) copied.
Copying eupdbill.exe 
        1 file(s) copied.
Copying eupdcamp.exe 
        1 file(s) copied.
Copying eupdcamp.prm 
        1 file(s) copied.
Copying qsort.exe 
        1 file(s) copied.
Copying qsort.pif 
        1 file(s) copied.
Copying file(s) into ROOTDIR_Common\em.... 
Copying emma.hlp 
The system cannot find the path specified.
Copying file(s) into ROOTDIR_PrintEng\em.... 
Copying CorepNT.mdb 
        1 file(s) copied.
Copying file(s) into ROOTDIR_Prospect\em.... 
Copying diary.exe 
        1 file(s) copied.
Copying eprospct.exe 
        1 file(s) copied.
Copying file(s) into ROOTDIR_TPA\em.... 
Copying etpa.exe 
        1 file(s) copied.
End file copy 
Starting file copy into installshield folders....
Copying file(s) into ROOTDIR_Emma2\em.... 
Copying areftab.exe 
        1 file(s) copied.
Copying camppl1.xls 
        1 file(s) copied.
Copying eapaddon.exe 
        1 file(s) copied.
Copying eapentry.exe 
        1 file(s) copied.
Copying eappenq.exe 
        1 file(s) copied.
Copying eautorej.exe 
        1 file(s) copied.
Copying ebank.exe 
        1 file(s) copied.
Copying ebillpro.exe 
        1 file(s) copied.
Copying ebranch.exe 
        1 file(s) copied.
Copying ebenefit.exe 
        1 file(s) copied.
Copying e2billing.dll 
        1 file(s) copied.
Copying ebilfreq.exe 
        1 file(s) copied.
Copying ebillarc.exe 
        1 file(s) copied.
Copying ebillorg.exe 
        1 file(s) copied.
Copying ebillsum.exe 
        1 file(s) copied.
Copying ebiltrns.exe 
        1 file(s) copied.
Copying ebnkbrch.exe 
        1 file(s) copied.
Copying ebtchstr.exe 
        1 file(s) copied.
Copying ebulkclsbill.exe 
        1 file(s) copied.
Copying ebulkpl.exe 
        1 file(s) copied.
Copying ecampain.exe 
        1 file(s) copied.
Copying ecampcrv.exe 
        1 file(s) copied.
Copying ecashpay.exe 
        1 file(s) copied.
Copying echqrejt.exe 
        1 file(s) copied.
Copying ecmpstat.exe 
        1 file(s) copied.
Copying ecountry.exe 
        1 file(s) copied.
Copying ecredexp.exe 
        1 file(s) copied.
Copying ecredit.exe 
        1 file(s) copied.
Copying ectryter.exe 
        1 file(s) copied.
Copying ecurrncy.exe 
        1 file(s) copied.
Copying ecurve.exe 
        1 file(s) copied.
Copying eendorse.exe 
        1 file(s) copied.
Copying eexclusn.exe 
        1 file(s) copied.
Copying efutendt.exe 
        1 file(s) copied.
Copying einvoice.exe 
        1 file(s) copied.
Copying eissueco.exe 
        1 file(s) copied.
Copying elang.exe 
        1 file(s) copied.
Copying eletters.exe 
        1 file(s) copied.
Copying emma2.exe 
        1 file(s) copied.
Copying EMMAcash.DAT 
        1 file(s) copied.
Copying EMMACASH.dot 
        1 file(s) copied.
Copying Emmastnd.dat 
        1 file(s) copied.
Copying EMMASTND.dot 
        1 file(s) copied.
Copying eplan.exe 
        1 file(s) copied.
Copying eplancat.exe 
        1 file(s) copied.
Copying epolhold.exe 
        1 file(s) copied.
Copying eprducer.exe 
        1 file(s) copied.
Copying eprintq.exe 
        1 file(s) copied.
Copying eproduct.exe 
        1 file(s) copied.
Copying eprojmke.exe 
        1 file(s) copied.
Copying equote.exe 
        1 file(s) copied.
Copying erate.exe 
        1 file(s) copied.
Copying ereceipt.exe 
        1 file(s) copied.
Copying ereject.exe 
        1 file(s) copied.
Copying eristrcd.exe 
        1 file(s) copied.
Copying esponsor.exe 
        1 file(s) copied.
Copying estock.exe 
        1 file(s) copied.
Copying esuplier.exe 
        1 file(s) copied.
Copying ethird.exe 
        1 file(s) copied.
Copying etpaagen.exe 
        1 file(s) copied.
Copying eunlock.exe 
        1 file(s) copied.
Copying Newbulk.xls 
        1 file(s) copied.
Copying readtbxn.mdb 
        1 file(s) copied.
Copying file(s) into ROOTDIR_Batch\em.... 
Copying ebillcls.exe 
        1 file(s) copied.
Copying ebilexps.exe 
        1 file(s) copied.
Copying ebilproc.exe 
        1 file(s) copied.
Copying ebiltape.exe 
        1 file(s) copied.
Copying ecamphst.exe 
        1 file(s) copied.
Copying ecampsum.exe 
        1 file(s) copied.
Copying ecmpend.exe 
        1 file(s) copied.
Copying ecrtfile.exe 
        1 file(s) copied.
Copying ecrtsum.exe 
        1 file(s) copied.
Copying ecrtwrk.exe 
        1 file(s) copied.
Copying eindxn.exe 
        1 file(s) copied.
Copying EMUCRTSUM.prm 
        1 file(s) copied.
Copying eprtbtch.exe 
        1 file(s) copied.
Copying erenewal.exe 
        1 file(s) copied.
Copying ervblcls.exe 
        1 file(s) copied.
Copying ervsum.exe 
        1 file(s) copied.
Copying ervupbl.exe 
        1 file(s) copied.
Copying ervupcmp.exe 
        1 file(s) copied.
Copying eupdbill.exe 
        1 file(s) copied.
Copying eupdcamp.exe 
        1 file(s) copied.
Copying eupdcamp.prm 
        1 file(s) copied.
Copying qsort.exe 
        1 file(s) copied.
Copying qsort.pif 
        1 file(s) copied.
Copying file(s) into ROOTDIR_Common\em.... 
Copying emma.hlp 
The system cannot find the path specified.
Copying file(s) into ROOTDIR_PrintEng\em.... 
Copying CorepNT.mdb 
        1 file(s) copied.
Copying file(s) into ROOTDIR_Prospect\em.... 
Copying diary.exe 
        1 file(s) copied.
Copying eprospct.exe 
        1 file(s) copied.
Copying file(s) into ROOTDIR_TPA\em.... 
Copying etpa.exe 
        1 file(s) copied.
End file copy 
Starting file copy into installshield folders....
Copying file(s) into ROOTDIR_Emma2\em.... 
Copying areftab.exe 
        1 file(s) copied.
Copying camppl1.xls 
        1 file(s) copied.
Copying eapaddon.exe 
        1 file(s) copied.
Copying eapentry.exe 
        1 file(s) copied.
Copying eappenq.exe 
        1 file(s) copied.
Copying eautorej.exe 
        1 file(s) copied.
Copying ebank.exe 
        1 file(s) copied.
Copying ebillpro.exe 
        1 file(s) copied.
Copying ebranch.exe 
        1 file(s) copied.
Copying ebenefit.exe 
        1 file(s) copied.
Copying e2billing.dll 
        1 file(s) copied.
Copying ebilfreq.exe 
        1 file(s) copied.
Copying ebillarc.exe 
        1 file(s) copied.
Copying ebillorg.exe 
        1 file(s) copied.
Copying ebillsum.exe 
        1 file(s) copied.
Copying ebiltrns.exe 
        1 file(s) copied.
Copying ebnkbrch.exe 
        1 file(s) copied.
Copying ebtchstr.exe 
        1 file(s) copied.
Copying ebulkclsbill.exe 
        1 file(s) copied.
Copying ebulkpl.exe 
        1 file(s) copied.
Copying ecampain.exe 
        1 file(s) copied.
Copying ecampcrv.exe 
        1 file(s) copied.
Copying ecashpay.exe 
        1 file(s) copied.
Copying echqrejt.exe 
        1 file(s) copied.
Copying ecmpstat.exe 
        1 file(s) copied.
Copying ecountry.exe 
        1 file(s) copied.
Copying ecredexp.exe 
        1 file(s) copied.
Copying ecredit.exe 
        1 file(s) copied.
Copying ectryter.exe 
        1 file(s) copied.
Copying ecurrncy.exe 
        1 file(s) copied.
Copying ecurve.exe 
        1 file(s) copied.
Copying eendorse.exe 
        1 file(s) copied.
Copying eexclusn.exe 
        1 file(s) copied.
Copying efutendt.exe 
        1 file(s) copied.
Copying einvoice.exe 
        1 file(s) copied.
Copying eissueco.exe 
        1 file(s) copied.
Copying elang.exe 
        1 file(s) copied.
Copying eletters.exe 
        1 file(s) copied.
Copying emma2.exe 
        1 file(s) copied.
Copying EMMAcash.DAT 
        1 file(s) copied.
Copying EMMACASH.dot 
        1 file(s) copied.
Copying Emmastnd.dat 
        1 file(s) copied.
Copying EMMASTND.dot 
        1 file(s) copied.
Copying eplan.exe 
        1 file(s) copied.
Copying eplancat.exe 
        1 file(s) copied.
Copying epolhold.exe 
        1 file(s) copied.
Copying eprducer.exe 
        1 file(s) copied.
Copying eprintq.exe 
        1 file(s) copied.
Copying eproduct.exe 
        1 file(s) copied.
Copying eprojmke.exe 
        1 file(s) copied.
Copying equote.exe 
        1 file(s) copied.
Copying erate.exe 
        1 file(s) copied.
Copying ereceipt.exe 
        1 file(s) copied.
Copying ereject.exe 
        1 file(s) copied.
Copying eristrcd.exe 
        1 file(s) copied.
Copying esponsor.exe 
        1 file(s) copied.
Copying estock.exe 
        1 file(s) copied.
Copying esuplier.exe 
        1 file(s) copied.
Copying ethird.exe 
        1 file(s) copied.
Copying etpaagen.exe 
        1 file(s) copied.
Copying eunlock.exe 
        1 file(s) copied.
Copying Newbulk.xls 
        1 file(s) copied.
Copying readtbxn.mdb 
        1 file(s) copied.
Copying file(s) into ROOTDIR_Batch\em.... 
Copying ebillcls.exe 
        1 file(s) copied.
Copying ebillrvs.exe 
        1 file(s) copied.
Copying ebilexps.exe 
        1 file(s) copied.
Copying ebilproc.exe 
        1 file(s) copied.
Copying ebiltape.exe 
        1 file(s) copied.
Copying ecamphst.exe 
        1 file(s) copied.
Copying ecampsum.exe 
        1 file(s) copied.
Copying ecmpend.exe 
        1 file(s) copied.
Copying ecrtfile.exe 
        1 file(s) copied.
Copying ecrtsum.exe 
        1 file(s) copied.
Copying ecrtwrk.exe 
        1 file(s) copied.
Copying eindxn.exe 
        1 file(s) copied.
Copying EMUCRTSUM.prm 
        1 file(s) copied.
Copying eprtbtch.exe 
        1 file(s) copied.
Copying erenewal.exe 
        1 file(s) copied.
Copying ervblcls.exe 
        1 file(s) copied.
Copying ervsum.exe 
        1 file(s) copied.
Copying ervupbl.exe 
        1 file(s) copied.
Copying ervupcmp.exe 
        1 file(s) copied.
Copying eupdbill.exe 
        1 file(s) copied.
Copying eupdcamp.exe 
        1 file(s) copied.
Copying eupdcamp.prm 
        1 file(s) copied.
Copying qsort.exe 
        1 file(s) copied.
Copying qsort.pif 
        1 file(s) copied.
Copying file(s) into ROOTDIR_Common\em.... 
Copying emma.hlp 
The system cannot find the path specified.
Copying file(s) into ROOTDIR_PrintEng\em.... 
Copying CorepNT.mdb 
        1 file(s) copied.
Copying file(s) into ROOTDIR_Prospect\em.... 
Copying diary.exe 
        1 file(s) copied.
Copying eprospct.exe 
        1 file(s) copied.
Copying file(s) into ROOTDIR_TPA\em.... 
Copying etpa.exe 
        1 file(s) copied.
End file copy 
Starting file copy into installshield folders....
Copying file(s) into ROOTDIR_Emma2\em.... 
Copying areftab.exe 
        1 file(s) copied.
Copying camppl1.xls 
        1 file(s) copied.
Copying eapaddon.exe 
        1 file(s) copied.
Copying eapentry.exe 
        1 file(s) copied.
Copying eappenq.exe 
        1 file(s) copied.
Copying eautorej.exe 
        1 file(s) copied.
Copying ebank.exe 
        1 file(s) copied.
Copying ebillpro.exe 
        1 file(s) copied.
Copying ebranch.exe 
        1 file(s) copied.
Copying ebenefit.exe 
        1 file(s) copied.
Copying e2billing.dll 
        1 file(s) copied.
Copying ebilfreq.exe 
        1 file(s) copied.
Copying ebillarc.exe 
        1 file(s) copied.
Copying ebillorg.exe 
        1 file(s) copied.
Copying ebillsum.exe 
        1 file(s) copied.
Copying ebiltrns.exe 
        1 file(s) copied.
Copying ebnkbrch.exe 
        1 file(s) copied.
Copying ebtchstr.exe 
        1 file(s) copied.
Copying ebulkclsbill.exe 
        1 file(s) copied.
Copying ebulkpl.exe 
        1 file(s) copied.
Copying ecampain.exe 
        1 file(s) copied.
Copying ecampcrv.exe 
        1 file(s) copied.
Copying ecashpay.exe 
        1 file(s) copied.
Copying echqrejt.exe 
        1 file(s) copied.
Copying ecmpstat.exe 
        1 file(s) copied.
Copying ecountry.exe 
        1 file(s) copied.
Copying ecredexp.exe 
        1 file(s) copied.
Copying ecredit.exe 
        1 file(s) copied.
Copying ectryter.exe 
        1 file(s) copied.
Copying ecurrncy.exe 
        1 file(s) copied.
Copying ecurve.exe 
        1 file(s) copied.
Copying eendorse.exe 
        1 file(s) copied.
Copying eexclusn.exe 
        1 file(s) copied.
Copying efutendt.exe 
        1 file(s) copied.
Copying einvoice.exe 
        1 file(s) copied.
Copying eissueco.exe 
        1 file(s) copied.
Copying elang.exe 
        1 file(s) copied.
Copying eletters.exe 
        1 file(s) copied.
Copying emma2.exe 
        1 file(s) copied.
Copying EMMAcash.DAT 
        1 file(s) copied.
Copying EMMACASH.dot 
        1 file(s) copied.
Copying Emmastnd.dat 
        1 file(s) copied.
Copying EMMASTND.dot 
        1 file(s) copied.
Copying eplan.exe 
        1 file(s) copied.
Copying eplancat.exe 
        1 file(s) copied.
Copying epolhold.exe 
        1 file(s) copied.
Copying eprducer.exe 
        1 file(s) copied.
Copying eprintq.exe 
        1 file(s) copied.
Copying eproduct.exe 
        1 file(s) copied.
Copying eprojmke.exe 
        1 file(s) copied.
Copying equote.exe 
        1 file(s) copied.
Copying erate.exe 
        1 file(s) copied.
Copying ereceipt.exe 
        1 file(s) copied.
Copying ereject.exe 
        1 file(s) copied.
Copying eristrcd.exe 
        1 file(s) copied.
Copying esponsor.exe 
        1 file(s) copied.
Copying estock.exe 
        1 file(s) copied.
Copying esuplier.exe 
        1 file(s) copied.
Copying ethird.exe 
        1 file(s) copied.
Copying etpaagen.exe 
        1 file(s) copied.
Copying eunlock.exe 
        1 file(s) copied.
Copying Newbulk.xls 
        1 file(s) copied.
Copying readtbxn.mdb 
        1 file(s) copied.
Copying file(s) into ROOTDIR_Batch\em.... 
Copying ebillcls.exe 
        1 file(s) copied.
Copying ebillrvs.exe 
        1 file(s) copied.
Copying ebilexps.exe 
        1 file(s) copied.
Copying ebilproc.exe 
        1 file(s) copied.
Copying ebiltape.exe 
        1 file(s) copied.
Copying ecamphst.exe 
        1 file(s) copied.
Copying ecampsum.exe 
        1 file(s) copied.
Copying ecmpend.exe 
        1 file(s) copied.
Copying ecrtfile.exe 
        1 file(s) copied.
Copying ecrtsum.exe 
        1 file(s) copied.
Copying ecrtwrk.exe 
        1 file(s) copied.
Copying eindxn.exe 
        1 file(s) copied.
Copying EMUCRTSUM.prm 
        1 file(s) copied.
Copying eprtbtch.exe 
        1 file(s) copied.
Copying erenewal.exe 
        1 file(s) copied.
Copying ervblcls.exe 
        1 file(s) copied.
Copying ervsum.exe 
        1 file(s) copied.
Copying ervupbl.exe 
        1 file(s) copied.
Copying ervupcmp.exe 
        1 file(s) copied.
Copying eupdbill.exe 
        1 file(s) copied.
Copying eupdcamp.exe 
        1 file(s) copied.
Copying eupdcamp.prm 
        1 file(s) copied.
Copying qsort.exe 
        1 file(s) copied.
Copying qsort.pif 
        1 file(s) copied.
Copying file(s) into ROOTDIR_Common\em.... 
Copying emma.hlp 
The system cannot find the path specified.
Copying file(s) into ROOTDIR_PrintEng\em.... 
Copying CorepNT.mdb 
        1 file(s) copied.
Copying file(s) into ROOTDIR_Prospect\em.... 
Copying diary.exe 
        1 file(s) copied.
Copying eprospct.exe 
        1 file(s) copied.
Copying file(s) into ROOTDIR_TPA\em.... 
Copying etpa.exe 
        1 file(s) copied.
End file copy 
